<?xml version="1.0" encoding="UTF-8"?>
<!-- Generated by org.testng.reporters.JUnitReportReporter -->
<testsuite hostname="DESKTOP-SMTB48K" failures="0" tests="1" name="com.testng.com.testng.anotations.TestAnnotationsHirearchy" time="0.003" errors="0" timestamp="2022-04-02T13:29:44 IST" skipped="0">
  <testcase classname="com.testng.com.testng.anotations.TestAnnotationsHirearchy" name="test" time="0.003"/>
  <system-out/>
</testsuite> <!-- com.testng.com.testng.anotations.TestAnnotationsHirearchy -->
