<?xml version="1.0" encoding="UTF-8"?>
<!-- Generated by org.testng.reporters.JUnitReportReporter -->
<testsuite hostname="DESKTOP-SMTB48K" failures="0" tests="1" name="com.testng.com.testng.anotations.NewTest" time="0.008" errors="0" timestamp="2022-04-02T09:33:14 IST" skipped="0">
  <testcase classname="com.testng.com.testng.anotations.NewTest" name="test" time="0.008"/>
  <system-out/>
</testsuite> <!-- com.testng.com.testng.anotations.NewTest -->
