<?xml version="1.0" encoding="UTF-8"?>
<!-- Generated by org.testng.reporters.JUnitReportReporter -->
<testsuite hostname="DESKTOP-SMTB48K" failures="0" tests="3" name="com.testng.com.testng.com.testng.com.testng.anotations.OnDependsMethod" time="0.019" errors="0" timestamp="2022-04-02T13:08:12 IST" skipped="0">
  <testcase classname="com.testng.com.testng.com.testng.com.testng.anotations.OnDependsMethod" name="first" time="0.002"/>
  <system-out/>
  <testcase classname="com.testng.com.testng.com.testng.com.testng.anotations.OnDependsMethod" name="third" time="0.014"/>
  <system-out/>
  <testcase classname="com.testng.com.testng.com.testng.com.testng.anotations.OnDependsMethod" name="second" time="0.003"/>
  <system-out/>
</testsuite> <!-- com.testng.com.testng.com.testng.com.testng.anotations.OnDependsMethod -->
