<?xml version="1.0" encoding="UTF-8"?>
<!-- Generated by org.testng.reporters.JUnitReportReporter -->
<testsuite hostname="DESKTOP-SMTB48K" failures="0" tests="2" name="com.testng.com.testng.com.testng.com.testng.anotations.AssetCommand" time="0.019" errors="0" timestamp="2022-04-02T16:05:37 IST" skipped="1">
  <testcase classname="com.testng.com.testng.com.testng.com.testng.anotations.AssetCommand" name="LoginTest2" time="0.019"/>
  <system-out/>
  <testcase classname="com.testng.com.testng.com.testng.com.testng.anotations.AssetCommand" name="LoginTest">
    <skipped/>
  </testcase> <!-- LoginTest -->
  <system-out/>
</testsuite> <!-- com.testng.com.testng.com.testng.com.testng.anotations.AssetCommand -->
