<?xml version="1.0" encoding="UTF-8"?>
<!-- Generated by org.testng.reporters.JUnitReportReporter -->
<testsuite hostname="DESKTOP-SMTB48K" failures="0" tests="3" name="com.testng.com.testng.anotations.TestingwithPriority" time="0.006" errors="0" timestamp="2022-04-02T13:29:44 IST" skipped="0">
  <testcase classname="com.testng.com.testng.anotations.TestingwithPriority" name="logout" time="0.002"/>
  <system-out/>
  <testcase classname="com.testng.com.testng.anotations.TestingwithPriority" name="login" time="0.001"/>
  <system-out/>
  <testcase classname="com.testng.com.testng.anotations.TestingwithPriority" name="dashboard" time="0.003"/>
  <system-out/>
</testsuite> <!-- com.testng.com.testng.anotations.TestingwithPriority -->
