<?xml version="1.0" encoding="UTF-8"?>
<!-- Generated by org.testng.reporters.JUnitReportReporter -->
<testsuite hostname="DESKTOP-SMTB48K" failures="0" tests="3" name="com.testng.com.testng.anotations.GroupTesting" time="0.007" errors="0" timestamp="2022-04-02T13:29:44 IST" skipped="0">
  <testcase classname="com.testng.com.testng.anotations.GroupTesting" name="smoketest" time="0.003"/>
  <system-out/>
  <testcase classname="com.testng.com.testng.anotations.GroupTesting" name="sanitytest" time="0.002"/>
  <system-out/>
  <testcase classname="com.testng.com.testng.anotations.GroupTesting" name="regressiontest" time="0.002"/>
  <system-out/>
</testsuite> <!-- com.testng.com.testng.anotations.GroupTesting -->
