<?xml version="1.0" encoding="UTF-8"?>
<!-- Generated by org.testng.reporters.JUnitReportReporter -->
<testsuite hostname="DESKTOP-SMTB48K" failures="0" tests="3" name="com.testng.com.testng.anotations.ParellelTesting" time="0.033" errors="0" timestamp="2022-04-02T13:51:17 IST" skipped="0">
  <testcase classname="com.testng.com.testng.anotations.ParellelTesting" name="dashboard" time="0.015"/>
  <system-out/>
  <testcase classname="com.testng.com.testng.anotations.ParellelTesting" name="login" time="0.016"/>
  <system-out/>
  <testcase classname="com.testng.com.testng.anotations.ParellelTesting" name="logout" time="0.002"/>
  <system-out/>
</testsuite> <!-- com.testng.com.testng.anotations.ParellelTesting -->
